<?xml version="1.0" encoding="UTF-8"?>
<!-- Generated by org.testng.reporters.JUnitReportReporter -->
<testsuite hostname="mac.n3p-in.ibm.com" failures="0" tests="1" name="runners.TestAiRunner" time="47.987" errors="0" timestamp="2025-09-29T09:38:45 IST" skipped="0">
  <testcase classname="runners.TestAiRunner" name="runScenario" time="47.987"/>
  <system-out/>
</testsuite> <!-- runners.TestAiRunner -->
